<?xml version="1.0" encoding="UTF-8"?>
<!-- Generated by org.testng.reporters.JUnitReportReporter -->
<testsuite hostname="YCSLAP1132" failures="0" tests="1" name="demoCRM_Web.testScripts.LoginTest" time="2.523" errors="0" timestamp="2025-05-21T12:03:48 IST" skipped="0">
  <testcase classname="demoCRM_Web.testScripts.LoginTest" name="validateLogin" time="2.523"/>
</testsuite> <!-- demoCRM_Web.testScripts.LoginTest -->
