<?xml version="1.0" encoding="UTF-8"?>
<!-- Generated by org.testng.reporters.JUnitReportReporter -->
<testsuite hostname="YCSLAP1132" failures="0" tests="1" name="demoCRM_Web.testScripts.TC001_Create_NewContact" time="147.493" errors="0" timestamp="2025-05-22T12:22:49 IST" skipped="0">
  <testcase classname="demoCRM_Web.testScripts.TC001_Create_NewContact" name="createNewContact" time="147.493"/>
</testsuite> <!-- demoCRM_Web.testScripts.TC001_Create_NewContact -->
